  pch.cpp
  Overlay.cpp
C:\Users\wintec\Desktop\2024Project\Project05\Project5\Overlay.cpp(294,12): warning C4244: '초기화 중': 'double'에서 'int'(으)로 변환하면서 데이터가 손실될 수 있습니다.
  (소스 파일 '/Overlay.cpp'을(를) 컴파일하는 중)
  
C:\Users\wintec\Desktop\2024Project\Project05\Project5\Overlay.cpp(295,12): warning C4244: '초기화 중': 'double'에서 'int'(으)로 변환하면서 데이터가 손실될 수 있습니다.
  (소스 파일 '/Overlay.cpp'을(를) 컴파일하는 중)
  
  Project5.cpp
  Project5Dlg.cpp
C:\Users\wintec\Desktop\2024Project\Project05\Project5\Project5Dlg.cpp(235,10): warning C4244: '초기화 중': 'double'에서 'int'(으)로 변환하면서 데이터가 손실될 수 있습니다.
  (소스 파일 '/Project5Dlg.cpp'을(를) 컴파일하는 중)
  
C:\Users\wintec\Desktop\2024Project\Project05\Project5\Project5Dlg.cpp(236,9): warning C4244: '초기화 중': 'double'에서 'int'(으)로 변환하면서 데이터가 손실될 수 있습니다.
  (소스 파일 '/Project5Dlg.cpp'을(를) 컴파일하는 중)
  
C:\Users\wintec\Desktop\2024Project\Project05\Project5\Project5Dlg.cpp(238,13): warning C4244: '초기화 중': 'double'에서 'int'(으)로 변환하면서 데이터가 손실될 수 있습니다.
  (소스 파일 '/Project5Dlg.cpp'을(를) 컴파일하는 중)
  
C:\Users\wintec\Desktop\2024Project\Project05\Project5\Project5Dlg.cpp(239,14): warning C4244: '초기화 중': 'double'에서 'int'(으)로 변환하면서 데이터가 손실될 수 있습니다.
  (소스 파일 '/Project5Dlg.cpp'을(를) 컴파일하는 중)
  
  Vision.cpp
  코드를 생성하고 있습니다...
  LINK : C:\Users\wintec\Desktop\2024Project\Project05\x64\Debug\Project5.exe을(를) 찾을 수 없거나 마지막 증분 링크에 의해 빌드되지 않았습니다. 전체 링크를 수행하고 있습니다.
  Project5.vcxproj -> C:\Users\wintec\Desktop\2024Project\Project05\x64\Debug\Project5.exe
